2022-11-13T14:56:11+00:00 CRITICAL Uncaught TypeError: call_user_func(): Argument #1 ($callback) must be a valid callback, function "woodmart_sguide_dropdown_template" not found or invalid function name in C:\laragon\www\ecom\wp-admin\includes\template.php:1409
Stack trace:
#0 C:\laragon\www\ecom\wp-admin\edit-form-advanced.php(681): do_meta_boxes(Object(WP_Screen), 'side', Object(WP_Post))
#1 C:\laragon\www\ecom\wp-admin\post-new.php(75): require('C:\\laragon\\www\\...')
#2 {main}
  thrown in C:\laragon\www\ecom\wp-admin\includes\template.php on line 1409

2022-11-13T15:13:34+00:00 CRITICAL Uncaught TypeError: call_user_func(): Argument #1 ($callback) must be a valid callback, function "woodmart_sguide_dropdown_template" not found or invalid function name in C:\laragon\www\ecom\wp-admin\includes\template.php:1409
Stack trace:
#0 C:\laragon\www\ecom\wp-admin\edit-form-advanced.php(681): do_meta_boxes(Object(WP_Screen), 'side', Object(WP_Post))
#1 C:\laragon\www\ecom\wp-admin\post-new.php(75): require('C:\\laragon\\www\\...')
#2 {main}
  thrown in C:\laragon\www\ecom\wp-admin\includes\template.php on line 1409

2022-11-13T15:23:50+00:00 CRITICAL Uncaught TypeError: call_user_func(): Argument #1 ($callback) must be a valid callback, function "woodmart_sguide_dropdown_template" not found or invalid function name in C:\laragon\www\ecom\wp-admin\includes\template.php:1409
Stack trace:
#0 C:\laragon\www\ecom\wp-admin\edit-form-advanced.php(681): do_meta_boxes(Object(WP_Screen), 'side', Object(WP_Post))
#1 C:\laragon\www\ecom\wp-admin\post-new.php(75): require('C:\\laragon\\www\\...')
#2 {main}
  thrown in C:\laragon\www\ecom\wp-admin\includes\template.php on line 1409

2022-11-13T15:24:50+00:00 CRITICAL Uncaught TypeError: call_user_func(): Argument #1 ($callback) must be a valid callback, function "woodmart_sguide_dropdown_template" not found or invalid function name in C:\laragon\www\ecom\wp-admin\includes\template.php:1409
Stack trace:
#0 C:\laragon\www\ecom\wp-admin\edit-form-advanced.php(681): do_meta_boxes(Object(WP_Screen), 'side', Object(WP_Post))
#1 C:\laragon\www\ecom\wp-admin\post-new.php(75): require('C:\\laragon\\www\\...')
#2 {main}
  thrown in C:\laragon\www\ecom\wp-admin\includes\template.php on line 1409

2022-11-13T15:25:01+00:00 CRITICAL Uncaught TypeError: call_user_func(): Argument #1 ($callback) must be a valid callback, function "woodmart_sguide_dropdown_template" not found or invalid function name in C:\laragon\www\ecom\wp-admin\includes\template.php:1409
Stack trace:
#0 C:\laragon\www\ecom\wp-admin\edit-form-advanced.php(681): do_meta_boxes(Object(WP_Screen), 'side', Object(WP_Post))
#1 C:\laragon\www\ecom\wp-admin\post-new.php(75): require('C:\\laragon\\www\\...')
#2 {main}
  thrown in C:\laragon\www\ecom\wp-admin\includes\template.php on line 1409

2022-11-13T15:26:15+00:00 CRITICAL Uncaught TypeError: call_user_func(): Argument #1 ($callback) must be a valid callback, function "woodmart_sguide_dropdown_template" not found or invalid function name in C:\laragon\www\ecom\wp-admin\includes\template.php:1409
Stack trace:
#0 C:\laragon\www\ecom\wp-admin\edit-form-advanced.php(681): do_meta_boxes(Object(WP_Screen), 'side', Object(WP_Post))
#1 C:\laragon\www\ecom\wp-admin\post-new.php(75): require('C:\\laragon\\www\\...')
#2 {main}
  thrown in C:\laragon\www\ecom\wp-admin\includes\template.php on line 1409

2022-11-13T15:26:27+00:00 CRITICAL Uncaught TypeError: call_user_func(): Argument #1 ($callback) must be a valid callback, function "woodmart_sguide_dropdown_template" not found or invalid function name in C:\laragon\www\ecom\wp-admin\includes\template.php:1409
Stack trace:
#0 C:\laragon\www\ecom\wp-admin\edit-form-advanced.php(681): do_meta_boxes(Object(WP_Screen), 'side', Object(WP_Post))
#1 C:\laragon\www\ecom\wp-admin\post-new.php(75): require('C:\\laragon\\www\\...')
#2 {main}
  thrown in C:\laragon\www\ecom\wp-admin\includes\template.php on line 1409

2022-11-13T15:28:51+00:00 CRITICAL Uncaught TypeError: call_user_func(): Argument #1 ($callback) must be a valid callback, function "woodmart_sguide_dropdown_template" not found or invalid function name in C:\laragon\www\ecom\wp-admin\includes\template.php:1409
Stack trace:
#0 C:\laragon\www\ecom\wp-admin\edit-form-advanced.php(681): do_meta_boxes(Object(WP_Screen), 'side', Object(WP_Post))
#1 C:\laragon\www\ecom\wp-admin\post-new.php(75): require('C:\\laragon\\www\\...')
#2 {main}
  thrown in C:\laragon\www\ecom\wp-admin\includes\template.php on line 1409

2022-11-13T15:29:00+00:00 CRITICAL Uncaught TypeError: call_user_func(): Argument #1 ($callback) must be a valid callback, function "woodmart_sguide_dropdown_template" not found or invalid function name in C:\laragon\www\ecom\wp-admin\includes\template.php:1409
Stack trace:
#0 C:\laragon\www\ecom\wp-admin\edit-form-advanced.php(681): do_meta_boxes(Object(WP_Screen), 'side', Object(WP_Post))
#1 C:\laragon\www\ecom\wp-admin\post-new.php(75): require('C:\\laragon\\www\\...')
#2 {main}
  thrown in C:\laragon\www\ecom\wp-admin\includes\template.php on line 1409

2022-11-13T15:31:15+00:00 CRITICAL Uncaught TypeError: call_user_func(): Argument #1 ($callback) must be a valid callback, function "woodmart_sguide_dropdown_template" not found or invalid function name in C:\laragon\www\ecom\wp-admin\includes\template.php:1409
Stack trace:
#0 C:\laragon\www\ecom\wp-admin\edit-form-advanced.php(681): do_meta_boxes(Object(WP_Screen), 'side', Object(WP_Post))
#1 C:\laragon\www\ecom\wp-admin\post-new.php(75): require('C:\\laragon\\www\\...')
#2 {main}
  thrown in C:\laragon\www\ecom\wp-admin\includes\template.php on line 1409

2022-11-13T15:32:12+00:00 CRITICAL Uncaught TypeError: call_user_func(): Argument #1 ($callback) must be a valid callback, function "woodmart_sguide_dropdown_template" not found or invalid function name in C:\laragon\www\ecom\wp-admin\includes\template.php:1409
Stack trace:
#0 C:\laragon\www\ecom\wp-admin\edit-form-advanced.php(681): do_meta_boxes(Object(WP_Screen), 'side', Object(WP_Post))
#1 C:\laragon\www\ecom\wp-admin\post.php(206): require('C:\\laragon\\www\\...')
#2 {main}
  thrown in C:\laragon\www\ecom\wp-admin\includes\template.php on line 1409

2022-11-13T15:32:53+00:00 CRITICAL Uncaught TypeError: call_user_func(): Argument #1 ($callback) must be a valid callback, function "woodmart_sguide_dropdown_template" not found or invalid function name in C:\laragon\www\ecom\wp-admin\includes\template.php:1409
Stack trace:
#0 C:\laragon\www\ecom\wp-admin\edit-form-advanced.php(681): do_meta_boxes(Object(WP_Screen), 'side', Object(WP_Post))
#1 C:\laragon\www\ecom\wp-admin\post.php(206): require('C:\\laragon\\www\\...')
#2 {main}
  thrown in C:\laragon\www\ecom\wp-admin\includes\template.php on line 1409

2022-11-13T15:32:56+00:00 CRITICAL Uncaught TypeError: call_user_func(): Argument #1 ($callback) must be a valid callback, function "woodmart_sguide_dropdown_template" not found or invalid function name in C:\laragon\www\ecom\wp-admin\includes\template.php:1409
Stack trace:
#0 C:\laragon\www\ecom\wp-admin\edit-form-advanced.php(681): do_meta_boxes(Object(WP_Screen), 'side', Object(WP_Post))
#1 C:\laragon\www\ecom\wp-admin\post.php(206): require('C:\\laragon\\www\\...')
#2 {main}
  thrown in C:\laragon\www\ecom\wp-admin\includes\template.php on line 1409

2022-11-13T15:33:05+00:00 CRITICAL Uncaught TypeError: call_user_func(): Argument #1 ($callback) must be a valid callback, function "woodmart_sguide_dropdown_template" not found or invalid function name in C:\laragon\www\ecom\wp-admin\includes\template.php:1409
Stack trace:
#0 C:\laragon\www\ecom\wp-admin\edit-form-advanced.php(681): do_meta_boxes(Object(WP_Screen), 'side', Object(WP_Post))
#1 C:\laragon\www\ecom\wp-admin\post.php(206): require('C:\\laragon\\www\\...')
#2 {main}
  thrown in C:\laragon\www\ecom\wp-admin\includes\template.php on line 1409

2022-11-13T15:33:37+00:00 CRITICAL Uncaught TypeError: call_user_func(): Argument #1 ($callback) must be a valid callback, function "woodmart_sguide_dropdown_template" not found or invalid function name in C:\laragon\www\ecom\wp-admin\includes\template.php:1409
Stack trace:
#0 C:\laragon\www\ecom\wp-admin\edit-form-advanced.php(681): do_meta_boxes(Object(WP_Screen), 'side', Object(WP_Post))
#1 C:\laragon\www\ecom\wp-admin\post.php(206): require('C:\\laragon\\www\\...')
#2 {main}
  thrown in C:\laragon\www\ecom\wp-admin\includes\template.php on line 1409

2022-11-13T15:34:28+00:00 CRITICAL Uncaught TypeError: call_user_func(): Argument #1 ($callback) must be a valid callback, function "woodmart_sguide_dropdown_template" not found or invalid function name in C:\laragon\www\ecom\wp-admin\includes\template.php:1409
Stack trace:
#0 C:\laragon\www\ecom\wp-admin\edit-form-advanced.php(681): do_meta_boxes(Object(WP_Screen), 'side', Object(WP_Post))
#1 C:\laragon\www\ecom\wp-admin\post.php(206): require('C:\\laragon\\www\\...')
#2 {main}
  thrown in C:\laragon\www\ecom\wp-admin\includes\template.php on line 1409

2022-11-13T15:35:25+00:00 CRITICAL Uncaught TypeError: call_user_func(): Argument #1 ($callback) must be a valid callback, function "woodmart_sguide_dropdown_template" not found or invalid function name in C:\laragon\www\ecom\wp-admin\includes\template.php:1409
Stack trace:
#0 C:\laragon\www\ecom\wp-admin\edit-form-advanced.php(681): do_meta_boxes(Object(WP_Screen), 'side', Object(WP_Post))
#1 C:\laragon\www\ecom\wp-admin\post-new.php(75): require('C:\\laragon\\www\\...')
#2 {main}
  thrown in C:\laragon\www\ecom\wp-admin\includes\template.php on line 1409

2022-11-13T15:37:39+00:00 CRITICAL Uncaught TypeError: call_user_func(): Argument #1 ($callback) must be a valid callback, function "woodmart_sguide_dropdown_template" not found or invalid function name in C:\laragon\www\ecom\wp-admin\includes\template.php:1409
Stack trace:
#0 C:\laragon\www\ecom\wp-admin\edit-form-advanced.php(681): do_meta_boxes(Object(WP_Screen), 'side', Object(WP_Post))
#1 C:\laragon\www\ecom\wp-admin\post.php(206): require('C:\\laragon\\www\\...')
#2 {main}
  thrown in C:\laragon\www\ecom\wp-admin\includes\template.php on line 1409

2022-11-13T15:38:22+00:00 CRITICAL Uncaught TypeError: call_user_func(): Argument #1 ($callback) must be a valid callback, function "woodmart_sguide_dropdown_template" not found or invalid function name in C:\laragon\www\ecom\wp-admin\includes\template.php:1409
Stack trace:
#0 C:\laragon\www\ecom\wp-admin\edit-form-advanced.php(681): do_meta_boxes(Object(WP_Screen), 'side', Object(WP_Post))
#1 C:\laragon\www\ecom\wp-admin\post.php(206): require('C:\\laragon\\www\\...')
#2 {main}
  thrown in C:\laragon\www\ecom\wp-admin\includes\template.php on line 1409

2022-11-13T15:39:20+00:00 CRITICAL Uncaught TypeError: call_user_func(): Argument #1 ($callback) must be a valid callback, function "woodmart_sguide_dropdown_template" not found or invalid function name in C:\laragon\www\ecom\wp-admin\includes\template.php:1409
Stack trace:
#0 C:\laragon\www\ecom\wp-admin\edit-form-advanced.php(681): do_meta_boxes(Object(WP_Screen), 'side', Object(WP_Post))
#1 C:\laragon\www\ecom\wp-admin\post.php(206): require('C:\\laragon\\www\\...')
#2 {main}
  thrown in C:\laragon\www\ecom\wp-admin\includes\template.php on line 1409

2022-11-13T15:39:23+00:00 CRITICAL Uncaught TypeError: call_user_func(): Argument #1 ($callback) must be a valid callback, function "woodmart_sguide_dropdown_template" not found or invalid function name in C:\laragon\www\ecom\wp-admin\includes\template.php:1409
Stack trace:
#0 C:\laragon\www\ecom\wp-admin\edit-form-advanced.php(681): do_meta_boxes(Object(WP_Screen), 'side', Object(WP_Post))
#1 C:\laragon\www\ecom\wp-admin\post.php(206): require('C:\\laragon\\www\\...')
#2 {main}
  thrown in C:\laragon\www\ecom\wp-admin\includes\template.php on line 1409

2022-11-13T15:39:44+00:00 CRITICAL Uncaught TypeError: call_user_func(): Argument #1 ($callback) must be a valid callback, function "woodmart_sguide_dropdown_template" not found or invalid function name in C:\laragon\www\ecom\wp-admin\includes\template.php:1409
Stack trace:
#0 C:\laragon\www\ecom\wp-admin\edit-form-advanced.php(681): do_meta_boxes(Object(WP_Screen), 'side', Object(WP_Post))
#1 C:\laragon\www\ecom\wp-admin\post.php(206): require('C:\\laragon\\www\\...')
#2 {main}
  thrown in C:\laragon\www\ecom\wp-admin\includes\template.php on line 1409

2022-11-13T15:42:04+00:00 CRITICAL Uncaught TypeError: call_user_func(): Argument #1 ($callback) must be a valid callback, function "woodmart_sguide_dropdown_template" not found or invalid function name in C:\laragon\www\ecom\wp-admin\includes\template.php:1409
Stack trace:
#0 C:\laragon\www\ecom\wp-admin\edit-form-advanced.php(681): do_meta_boxes(Object(WP_Screen), 'side', Object(WP_Post))
#1 C:\laragon\www\ecom\wp-admin\post.php(206): require('C:\\laragon\\www\\...')
#2 {main}
  thrown in C:\laragon\www\ecom\wp-admin\includes\template.php on line 1409

2022-11-13T15:48:25+00:00 CRITICAL Uncaught TypeError: call_user_func(): Argument #1 ($callback) must be a valid callback, function "woodmart_sguide_dropdown_template" not found or invalid function name in C:\laragon\www\ecom\wp-admin\includes\template.php:1409
Stack trace:
#0 C:\laragon\www\ecom\wp-admin\edit-form-advanced.php(681): do_meta_boxes(Object(WP_Screen), 'side', Object(WP_Post))
#1 C:\laragon\www\ecom\wp-admin\post.php(206): require('C:\\laragon\\www\\...')
#2 {main}
  thrown in C:\laragon\www\ecom\wp-admin\includes\template.php on line 1409

2022-11-13T15:49:04+00:00 CRITICAL Uncaught TypeError: call_user_func(): Argument #1 ($callback) must be a valid callback, function "woodmart_sguide_dropdown_template" not found or invalid function name in C:\laragon\www\ecom\wp-admin\includes\template.php:1409
Stack trace:
#0 C:\laragon\www\ecom\wp-admin\edit-form-advanced.php(681): do_meta_boxes(Object(WP_Screen), 'side', Object(WP_Post))
#1 C:\laragon\www\ecom\wp-admin\post.php(206): require('C:\\laragon\\www\\...')
#2 {main}
  thrown in C:\laragon\www\ecom\wp-admin\includes\template.php on line 1409

2022-11-13T15:49:43+00:00 CRITICAL Uncaught TypeError: call_user_func(): Argument #1 ($callback) must be a valid callback, function "woodmart_sguide_dropdown_template" not found or invalid function name in C:\laragon\www\ecom\wp-admin\includes\template.php:1409
Stack trace:
#0 C:\laragon\www\ecom\wp-admin\edit-form-advanced.php(681): do_meta_boxes(Object(WP_Screen), 'side', Object(WP_Post))
#1 C:\laragon\www\ecom\wp-admin\post.php(206): require('C:\\laragon\\www\\...')
#2 {main}
  thrown in C:\laragon\www\ecom\wp-admin\includes\template.php on line 1409

2022-11-13T15:50:04+00:00 CRITICAL Uncaught TypeError: call_user_func(): Argument #1 ($callback) must be a valid callback, function "woodmart_sguide_dropdown_template" not found or invalid function name in C:\laragon\www\ecom\wp-admin\includes\template.php:1409
Stack trace:
#0 C:\laragon\www\ecom\wp-admin\edit-form-advanced.php(681): do_meta_boxes(Object(WP_Screen), 'side', Object(WP_Post))
#1 C:\laragon\www\ecom\wp-admin\post.php(206): require('C:\\laragon\\www\\...')
#2 {main}
  thrown in C:\laragon\www\ecom\wp-admin\includes\template.php on line 1409

2022-11-13T15:53:22+00:00 CRITICAL Uncaught TypeError: call_user_func(): Argument #1 ($callback) must be a valid callback, function "woodmart_sguide_dropdown_template" not found or invalid function name in C:\laragon\www\ecom\wp-admin\includes\template.php:1409
Stack trace:
#0 C:\laragon\www\ecom\wp-admin\edit-form-advanced.php(681): do_meta_boxes(Object(WP_Screen), 'side', Object(WP_Post))
#1 C:\laragon\www\ecom\wp-admin\post.php(206): require('C:\\laragon\\www\\...')
#2 {main}
  thrown in C:\laragon\www\ecom\wp-admin\includes\template.php on line 1409

2022-11-13T15:53:28+00:00 CRITICAL Uncaught TypeError: call_user_func(): Argument #1 ($callback) must be a valid callback, function "woodmart_sguide_dropdown_template" not found or invalid function name in C:\laragon\www\ecom\wp-admin\includes\template.php:1409
Stack trace:
#0 C:\laragon\www\ecom\wp-admin\edit-form-advanced.php(681): do_meta_boxes(Object(WP_Screen), 'side', Object(WP_Post))
#1 C:\laragon\www\ecom\wp-admin\post-new.php(75): require('C:\\laragon\\www\\...')
#2 {main}
  thrown in C:\laragon\www\ecom\wp-admin\includes\template.php on line 1409

2022-11-13T15:53:39+00:00 CRITICAL Uncaught TypeError: call_user_func(): Argument #1 ($callback) must be a valid callback, function "woodmart_sguide_dropdown_template" not found or invalid function name in C:\laragon\www\ecom\wp-admin\includes\template.php:1409
Stack trace:
#0 C:\laragon\www\ecom\wp-admin\edit-form-advanced.php(681): do_meta_boxes(Object(WP_Screen), 'side', Object(WP_Post))
#1 C:\laragon\www\ecom\wp-admin\post.php(206): require('C:\\laragon\\www\\...')
#2 {main}
  thrown in C:\laragon\www\ecom\wp-admin\includes\template.php on line 1409

2022-11-13T15:54:31+00:00 CRITICAL Uncaught TypeError: call_user_func(): Argument #1 ($callback) must be a valid callback, function "woodmart_sguide_dropdown_template" not found or invalid function name in C:\laragon\www\ecom\wp-admin\includes\template.php:1409
Stack trace:
#0 C:\laragon\www\ecom\wp-admin\edit-form-advanced.php(681): do_meta_boxes(Object(WP_Screen), 'side', Object(WP_Post))
#1 C:\laragon\www\ecom\wp-admin\post.php(206): require('C:\\laragon\\www\\...')
#2 {main}
  thrown in C:\laragon\www\ecom\wp-admin\includes\template.php on line 1409

2022-11-13T15:54:52+00:00 CRITICAL Uncaught TypeError: call_user_func(): Argument #1 ($callback) must be a valid callback, function "woodmart_sguide_dropdown_template" not found or invalid function name in C:\laragon\www\ecom\wp-admin\includes\template.php:1409
Stack trace:
#0 C:\laragon\www\ecom\wp-admin\edit-form-advanced.php(681): do_meta_boxes(Object(WP_Screen), 'side', Object(WP_Post))
#1 C:\laragon\www\ecom\wp-admin\post.php(206): require('C:\\laragon\\www\\...')
#2 {main}
  thrown in C:\laragon\www\ecom\wp-admin\includes\template.php on line 1409

2022-11-13T15:56:02+00:00 CRITICAL Uncaught TypeError: call_user_func(): Argument #1 ($callback) must be a valid callback, function "woodmart_sguide_dropdown_template" not found or invalid function name in C:\laragon\www\ecom\wp-admin\includes\template.php:1409
Stack trace:
#0 C:\laragon\www\ecom\wp-admin\edit-form-advanced.php(681): do_meta_boxes(Object(WP_Screen), 'side', Object(WP_Post))
#1 C:\laragon\www\ecom\wp-admin\post.php(206): require('C:\\laragon\\www\\...')
#2 {main}
  thrown in C:\laragon\www\ecom\wp-admin\includes\template.php on line 1409

2022-11-13T15:56:28+00:00 CRITICAL Uncaught TypeError: call_user_func(): Argument #1 ($callback) must be a valid callback, function "woodmart_sguide_dropdown_template" not found or invalid function name in C:\laragon\www\ecom\wp-admin\includes\template.php:1409
Stack trace:
#0 C:\laragon\www\ecom\wp-admin\edit-form-advanced.php(681): do_meta_boxes(Object(WP_Screen), 'side', Object(WP_Post))
#1 C:\laragon\www\ecom\wp-admin\post.php(206): require('C:\\laragon\\www\\...')
#2 {main}
  thrown in C:\laragon\www\ecom\wp-admin\includes\template.php on line 1409

2022-11-13T15:56:40+00:00 CRITICAL Uncaught TypeError: call_user_func(): Argument #1 ($callback) must be a valid callback, function "woodmart_sguide_dropdown_template" not found or invalid function name in C:\laragon\www\ecom\wp-admin\includes\template.php:1409
Stack trace:
#0 C:\laragon\www\ecom\wp-admin\edit-form-advanced.php(681): do_meta_boxes(Object(WP_Screen), 'side', Object(WP_Post))
#1 C:\laragon\www\ecom\wp-admin\post.php(206): require('C:\\laragon\\www\\...')
#2 {main}
  thrown in C:\laragon\www\ecom\wp-admin\includes\template.php on line 1409

2022-11-13T15:57:17+00:00 CRITICAL Uncaught TypeError: call_user_func(): Argument #1 ($callback) must be a valid callback, function "woodmart_sguide_dropdown_template" not found or invalid function name in C:\laragon\www\ecom\wp-admin\includes\template.php:1409
Stack trace:
#0 C:\laragon\www\ecom\wp-admin\edit-form-advanced.php(681): do_meta_boxes(Object(WP_Screen), 'side', Object(WP_Post))
#1 C:\laragon\www\ecom\wp-admin\post.php(206): require('C:\\laragon\\www\\...')
#2 {main}
  thrown in C:\laragon\www\ecom\wp-admin\includes\template.php on line 1409

2022-11-13T15:58:09+00:00 CRITICAL Uncaught TypeError: call_user_func(): Argument #1 ($callback) must be a valid callback, function "woodmart_sguide_dropdown_template" not found or invalid function name in C:\laragon\www\ecom\wp-admin\includes\template.php:1409
Stack trace:
#0 C:\laragon\www\ecom\wp-admin\edit-form-advanced.php(681): do_meta_boxes(Object(WP_Screen), 'side', Object(WP_Post))
#1 C:\laragon\www\ecom\wp-admin\post.php(206): require('C:\\laragon\\www\\...')
#2 {main}
  thrown in C:\laragon\www\ecom\wp-admin\includes\template.php on line 1409

2022-11-13T15:59:32+00:00 CRITICAL Uncaught TypeError: call_user_func(): Argument #1 ($callback) must be a valid callback, function "woodmart_sguide_dropdown_template" not found or invalid function name in C:\laragon\www\ecom\wp-admin\includes\template.php:1409
Stack trace:
#0 C:\laragon\www\ecom\wp-admin\edit-form-advanced.php(681): do_meta_boxes(Object(WP_Screen), 'side', Object(WP_Post))
#1 C:\laragon\www\ecom\wp-admin\post.php(206): require('C:\\laragon\\www\\...')
#2 {main}
  thrown in C:\laragon\www\ecom\wp-admin\includes\template.php on line 1409

2022-11-13T15:59:48+00:00 CRITICAL Uncaught TypeError: call_user_func(): Argument #1 ($callback) must be a valid callback, function "woodmart_sguide_dropdown_template" not found or invalid function name in C:\laragon\www\ecom\wp-admin\includes\template.php:1409
Stack trace:
#0 C:\laragon\www\ecom\wp-admin\edit-form-advanced.php(681): do_meta_boxes(Object(WP_Screen), 'side', Object(WP_Post))
#1 C:\laragon\www\ecom\wp-admin\post.php(206): require('C:\\laragon\\www\\...')
#2 {main}
  thrown in C:\laragon\www\ecom\wp-admin\includes\template.php on line 1409

2022-11-13T16:00:25+00:00 CRITICAL Uncaught TypeError: call_user_func(): Argument #1 ($callback) must be a valid callback, function "woodmart_sguide_dropdown_template" not found or invalid function name in C:\laragon\www\ecom\wp-admin\includes\template.php:1409
Stack trace:
#0 C:\laragon\www\ecom\wp-admin\edit-form-advanced.php(681): do_meta_boxes(Object(WP_Screen), 'side', Object(WP_Post))
#1 C:\laragon\www\ecom\wp-admin\post.php(206): require('C:\\laragon\\www\\...')
#2 {main}
  thrown in C:\laragon\www\ecom\wp-admin\includes\template.php on line 1409

2022-11-13T16:01:39+00:00 CRITICAL Uncaught TypeError: call_user_func(): Argument #1 ($callback) must be a valid callback, function "woodmart_sguide_dropdown_template" not found or invalid function name in C:\laragon\www\ecom\wp-admin\includes\template.php:1409
Stack trace:
#0 C:\laragon\www\ecom\wp-admin\edit-form-advanced.php(681): do_meta_boxes(Object(WP_Screen), 'side', Object(WP_Post))
#1 C:\laragon\www\ecom\wp-admin\post.php(206): require('C:\\laragon\\www\\...')
#2 {main}
  thrown in C:\laragon\www\ecom\wp-admin\includes\template.php on line 1409

2022-11-13T16:01:56+00:00 CRITICAL Uncaught TypeError: call_user_func(): Argument #1 ($callback) must be a valid callback, function "woodmart_sguide_dropdown_template" not found or invalid function name in C:\laragon\www\ecom\wp-admin\includes\template.php:1409
Stack trace:
#0 C:\laragon\www\ecom\wp-admin\edit-form-advanced.php(681): do_meta_boxes(Object(WP_Screen), 'side', Object(WP_Post))
#1 C:\laragon\www\ecom\wp-admin\post.php(206): require('C:\\laragon\\www\\...')
#2 {main}
  thrown in C:\laragon\www\ecom\wp-admin\includes\template.php on line 1409

2022-11-13T16:02:53+00:00 CRITICAL Uncaught TypeError: call_user_func(): Argument #1 ($callback) must be a valid callback, function "woodmart_sguide_dropdown_template" not found or invalid function name in C:\laragon\www\ecom\wp-admin\includes\template.php:1409
Stack trace:
#0 C:\laragon\www\ecom\wp-admin\edit-form-advanced.php(681): do_meta_boxes(Object(WP_Screen), 'side', Object(WP_Post))
#1 C:\laragon\www\ecom\wp-admin\post.php(206): require('C:\\laragon\\www\\...')
#2 {main}
  thrown in C:\laragon\www\ecom\wp-admin\includes\template.php on line 1409

2022-11-13T16:02:56+00:00 CRITICAL Uncaught TypeError: call_user_func(): Argument #1 ($callback) must be a valid callback, function "woodmart_sguide_dropdown_template" not found or invalid function name in C:\laragon\www\ecom\wp-admin\includes\template.php:1409
Stack trace:
#0 C:\laragon\www\ecom\wp-admin\edit-form-advanced.php(681): do_meta_boxes(Object(WP_Screen), 'side', Object(WP_Post))
#1 C:\laragon\www\ecom\wp-admin\post.php(206): require('C:\\laragon\\www\\...')
#2 {main}
  thrown in C:\laragon\www\ecom\wp-admin\includes\template.php on line 1409

2022-11-13T16:03:39+00:00 CRITICAL Uncaught TypeError: call_user_func(): Argument #1 ($callback) must be a valid callback, function "woodmart_sguide_dropdown_template" not found or invalid function name in C:\laragon\www\ecom\wp-admin\includes\template.php:1409
Stack trace:
#0 C:\laragon\www\ecom\wp-admin\edit-form-advanced.php(681): do_meta_boxes(Object(WP_Screen), 'side', Object(WP_Post))
#1 C:\laragon\www\ecom\wp-admin\post.php(206): require('C:\\laragon\\www\\...')
#2 {main}
  thrown in C:\laragon\www\ecom\wp-admin\includes\template.php on line 1409

2022-11-13T16:03:58+00:00 CRITICAL Uncaught TypeError: call_user_func(): Argument #1 ($callback) must be a valid callback, function "woodmart_sguide_dropdown_template" not found or invalid function name in C:\laragon\www\ecom\wp-admin\includes\template.php:1409
Stack trace:
#0 C:\laragon\www\ecom\wp-admin\edit-form-advanced.php(681): do_meta_boxes(Object(WP_Screen), 'side', Object(WP_Post))
#1 C:\laragon\www\ecom\wp-admin\post.php(206): require('C:\\laragon\\www\\...')
#2 {main}
  thrown in C:\laragon\www\ecom\wp-admin\includes\template.php on line 1409

2022-11-13T16:07:29+00:00 CRITICAL Uncaught TypeError: call_user_func(): Argument #1 ($callback) must be a valid callback, function "woodmart_sguide_dropdown_template" not found or invalid function name in C:\laragon\www\ecom\wp-admin\includes\template.php:1409
Stack trace:
#0 C:\laragon\www\ecom\wp-admin\edit-form-advanced.php(681): do_meta_boxes(Object(WP_Screen), 'side', Object(WP_Post))
#1 C:\laragon\www\ecom\wp-admin\post.php(206): require('C:\\laragon\\www\\...')
#2 {main}
  thrown in C:\laragon\www\ecom\wp-admin\includes\template.php on line 1409

2022-11-13T16:08:08+00:00 CRITICAL Uncaught TypeError: call_user_func(): Argument #1 ($callback) must be a valid callback, function "woodmart_sguide_dropdown_template" not found or invalid function name in C:\laragon\www\ecom\wp-admin\includes\template.php:1409
Stack trace:
#0 C:\laragon\www\ecom\wp-admin\edit-form-advanced.php(681): do_meta_boxes(Object(WP_Screen), 'side', Object(WP_Post))
#1 C:\laragon\www\ecom\wp-admin\post-new.php(75): require('C:\\laragon\\www\\...')
#2 {main}
  thrown in C:\laragon\www\ecom\wp-admin\includes\template.php on line 1409

2022-11-13T16:15:19+00:00 CRITICAL Uncaught TypeError: call_user_func(): Argument #1 ($callback) must be a valid callback, function "woodmart_sguide_dropdown_template" not found or invalid function name in C:\laragon\www\ecom\wp-admin\includes\template.php:1409
Stack trace:
#0 C:\laragon\www\ecom\wp-admin\edit-form-advanced.php(681): do_meta_boxes(Object(WP_Screen), 'side', Object(WP_Post))
#1 C:\laragon\www\ecom\wp-admin\post-new.php(75): require('C:\\laragon\\www\\...')
#2 {main}
  thrown in C:\laragon\www\ecom\wp-admin\includes\template.php on line 1409

2022-11-13T16:17:57+00:00 CRITICAL Uncaught TypeError: call_user_func(): Argument #1 ($callback) must be a valid callback, function "woodmart_sguide_dropdown_template" not found or invalid function name in C:\laragon\www\ecom\wp-admin\includes\template.php:1409
Stack trace:
#0 C:\laragon\www\ecom\wp-admin\edit-form-advanced.php(681): do_meta_boxes(Object(WP_Screen), 'side', Object(WP_Post))
#1 C:\laragon\www\ecom\wp-admin\post-new.php(75): require('C:\\laragon\\www\\...')
#2 {main}
  thrown in C:\laragon\www\ecom\wp-admin\includes\template.php on line 1409

2022-11-13T16:18:21+00:00 CRITICAL Uncaught TypeError: call_user_func(): Argument #1 ($callback) must be a valid callback, function "woodmart_sguide_dropdown_template" not found or invalid function name in C:\laragon\www\ecom\wp-admin\includes\template.php:1409
Stack trace:
#0 C:\laragon\www\ecom\wp-admin\edit-form-advanced.php(681): do_meta_boxes(Object(WP_Screen), 'side', Object(WP_Post))
#1 C:\laragon\www\ecom\wp-admin\post-new.php(75): require('C:\\laragon\\www\\...')
#2 {main}
  thrown in C:\laragon\www\ecom\wp-admin\includes\template.php on line 1409

2022-11-13T16:19:16+00:00 CRITICAL Uncaught TypeError: call_user_func(): Argument #1 ($callback) must be a valid callback, function "woodmart_sguide_dropdown_template" not found or invalid function name in C:\laragon\www\ecom\wp-admin\includes\template.php:1409
Stack trace:
#0 C:\laragon\www\ecom\wp-admin\edit-form-advanced.php(681): do_meta_boxes(Object(WP_Screen), 'side', Object(WP_Post))
#1 C:\laragon\www\ecom\wp-admin\post-new.php(75): require('C:\\laragon\\www\\...')
#2 {main}
  thrown in C:\laragon\www\ecom\wp-admin\includes\template.php on line 1409

2022-11-13T16:20:28+00:00 CRITICAL Uncaught TypeError: call_user_func(): Argument #1 ($callback) must be a valid callback, function "woodmart_sguide_dropdown_template" not found or invalid function name in C:\laragon\www\ecom\wp-admin\includes\template.php:1409
Stack trace:
#0 C:\laragon\www\ecom\wp-admin\edit-form-advanced.php(681): do_meta_boxes(Object(WP_Screen), 'side', Object(WP_Post))
#1 C:\laragon\www\ecom\wp-admin\post-new.php(75): require('C:\\laragon\\www\\...')
#2 {main}
  thrown in C:\laragon\www\ecom\wp-admin\includes\template.php on line 1409

2022-11-13T16:20:53+00:00 CRITICAL Uncaught TypeError: call_user_func(): Argument #1 ($callback) must be a valid callback, function "woodmart_sguide_dropdown_template" not found or invalid function name in C:\laragon\www\ecom\wp-admin\includes\template.php:1409
Stack trace:
#0 C:\laragon\www\ecom\wp-admin\edit-form-advanced.php(681): do_meta_boxes(Object(WP_Screen), 'side', Object(WP_Post))
#1 C:\laragon\www\ecom\wp-admin\post-new.php(75): require('C:\\laragon\\www\\...')
#2 {main}
  thrown in C:\laragon\www\ecom\wp-admin\includes\template.php on line 1409

2022-11-13T16:21:01+00:00 CRITICAL Uncaught TypeError: call_user_func(): Argument #1 ($callback) must be a valid callback, function "woodmart_sguide_dropdown_template" not found or invalid function name in C:\laragon\www\ecom\wp-admin\includes\template.php:1409
Stack trace:
#0 C:\laragon\www\ecom\wp-admin\edit-form-advanced.php(681): do_meta_boxes(Object(WP_Screen), 'side', Object(WP_Post))
#1 C:\laragon\www\ecom\wp-admin\post-new.php(75): require('C:\\laragon\\www\\...')
#2 {main}
  thrown in C:\laragon\www\ecom\wp-admin\includes\template.php on line 1409

2022-11-13T16:23:42+00:00 CRITICAL Uncaught TypeError: call_user_func(): Argument #1 ($callback) must be a valid callback, function "woodmart_sguide_dropdown_template" not found or invalid function name in C:\laragon\www\ecom\wp-admin\includes\template.php:1409
Stack trace:
#0 C:\laragon\www\ecom\wp-admin\edit-form-advanced.php(681): do_meta_boxes(Object(WP_Screen), 'side', Object(WP_Post))
#1 C:\laragon\www\ecom\wp-admin\post-new.php(75): require('C:\\laragon\\www\\...')
#2 {main}
  thrown in C:\laragon\www\ecom\wp-admin\includes\template.php on line 1409

2022-11-13T16:26:38+00:00 CRITICAL Uncaught TypeError: call_user_func(): Argument #1 ($callback) must be a valid callback, function "woodmart_sguide_dropdown_template" not found or invalid function name in C:\laragon\www\ecom\wp-admin\includes\template.php:1409
Stack trace:
#0 C:\laragon\www\ecom\wp-admin\edit-form-advanced.php(681): do_meta_boxes(Object(WP_Screen), 'side', Object(WP_Post))
#1 C:\laragon\www\ecom\wp-admin\post-new.php(75): require('C:\\laragon\\www\\...')
#2 {main}
  thrown in C:\laragon\www\ecom\wp-admin\includes\template.php on line 1409

2022-11-13T16:27:40+00:00 CRITICAL Uncaught TypeError: call_user_func(): Argument #1 ($callback) must be a valid callback, function "woodmart_sguide_dropdown_template" not found or invalid function name in C:\laragon\www\ecom\wp-admin\includes\template.php:1409
Stack trace:
#0 C:\laragon\www\ecom\wp-admin\edit-form-advanced.php(681): do_meta_boxes(Object(WP_Screen), 'side', Object(WP_Post))
#1 C:\laragon\www\ecom\wp-admin\post-new.php(75): require('C:\\laragon\\www\\...')
#2 {main}
  thrown in C:\laragon\www\ecom\wp-admin\includes\template.php on line 1409

2022-11-13T16:27:57+00:00 CRITICAL Uncaught TypeError: call_user_func(): Argument #1 ($callback) must be a valid callback, function "woodmart_sguide_dropdown_template" not found or invalid function name in C:\laragon\www\ecom\wp-admin\includes\template.php:1409
Stack trace:
#0 C:\laragon\www\ecom\wp-admin\edit-form-advanced.php(681): do_meta_boxes(Object(WP_Screen), 'side', Object(WP_Post))
#1 C:\laragon\www\ecom\wp-admin\post-new.php(75): require('C:\\laragon\\www\\...')
#2 {main}
  thrown in C:\laragon\www\ecom\wp-admin\includes\template.php on line 1409

2022-11-13T16:28:09+00:00 CRITICAL Uncaught TypeError: call_user_func(): Argument #1 ($callback) must be a valid callback, function "woodmart_sguide_dropdown_template" not found or invalid function name in C:\laragon\www\ecom\wp-admin\includes\template.php:1409
Stack trace:
#0 C:\laragon\www\ecom\wp-admin\edit-form-advanced.php(681): do_meta_boxes(Object(WP_Screen), 'side', Object(WP_Post))
#1 C:\laragon\www\ecom\wp-admin\post-new.php(75): require('C:\\laragon\\www\\...')
#2 {main}
  thrown in C:\laragon\www\ecom\wp-admin\includes\template.php on line 1409

2022-11-13T16:28:52+00:00 CRITICAL Uncaught TypeError: call_user_func(): Argument #1 ($callback) must be a valid callback, function "woodmart_sguide_dropdown_template" not found or invalid function name in C:\laragon\www\ecom\wp-admin\includes\template.php:1409
Stack trace:
#0 C:\laragon\www\ecom\wp-admin\edit-form-advanced.php(681): do_meta_boxes(Object(WP_Screen), 'side', Object(WP_Post))
#1 C:\laragon\www\ecom\wp-admin\post-new.php(75): require('C:\\laragon\\www\\...')
#2 {main}
  thrown in C:\laragon\www\ecom\wp-admin\includes\template.php on line 1409

2022-11-13T16:30:21+00:00 CRITICAL Uncaught TypeError: call_user_func(): Argument #1 ($callback) must be a valid callback, function "woodmart_sguide_dropdown_template" not found or invalid function name in C:\laragon\www\ecom\wp-admin\includes\template.php:1409
Stack trace:
#0 C:\laragon\www\ecom\wp-admin\edit-form-advanced.php(681): do_meta_boxes(Object(WP_Screen), 'side', Object(WP_Post))
#1 C:\laragon\www\ecom\wp-admin\post-new.php(75): require('C:\\laragon\\www\\...')
#2 {main}
  thrown in C:\laragon\www\ecom\wp-admin\includes\template.php on line 1409

2022-11-13T16:43:30+00:00 CRITICAL Uncaught TypeError: Unsupported operand types: string - string in C:\laragon\www\ecom\wp-content\themes\techmarket\inc\woocommerce\techmarket-woocommerce-template-functions.php:783
Stack trace:
#0 C:\laragon\www\ecom\wp-content\themes\techmarket\inc\woocommerce\techmarket-woocommerce-functions.php(33): techmarket_get_savings_on_sale(Object(WC_Product_Grouped))
#1 C:\laragon\www\ecom\wp-includes\class-wp-hook.php(308): techmarket_get_sale_flash('<span class="on...', Object(WP_Post), Object(WC_Product_Grouped))
#2 C:\laragon\www\ecom\wp-includes\plugin.php(205): WP_Hook->apply_filters('<span class="on...', Array)
#3 C:\laragon\www\ecom\wp-content\plugins\woocommerce\templates\single-product\sale-flash.php(27): apply_filters('woocommerce_sal...', '<span class="on...', Object(WP_Post), Object(WC_Product_Grouped))
#4 C:\laragon\www\ecom\wp-content\plugins\woocommerce\includes\wc-core-functions.php(345): include('C:\\laragon\\www\\...')
#5 C:\laragon\www\ecom\wp-content\plugins\woocommerce\includes\wc-template-functions.php(1676): wc_get_template('single-product/...')
#6 C:\laragon\www\ecom\wp-includes\class-wp-hook.php(308): woocommerce_show_product_sale_flash('')
#7 C:\laragon\www\ecom\wp-includes\class-wp-hook.php(332): WP_Hook->apply_filters(NULL, Array)
#8 C:\laragon\www\ecom\wp-includes\plugin.php(517): WP_Hook->do_action(Array)
#9 C:\laragon\www\ecom\wp-content\plugins\woocommerce\templates\content-single-product.php(43): do_action('woocommerce_bef...')
#10 C:\laragon\www\ecom\wp-includes\template.php(785): require('C:\\laragon\\www\\...')
#11 C:\laragon\www\ecom\wp-content\plugins\woocommerce\includes\wc-core-functions.php(284): load_template('C:\\laragon\\www\\...', false)
#12 C:\laragon\www\ecom\wp-content\plugins\woocommerce\templates\single-product.php(37): wc_get_template_part('content', 'single-product')
#13 C:\laragon\www\ecom\wp-includes\template-loader.php(106): include('C:\\laragon\\www\\...')
#14 C:\laragon\www\ecom\wp-blog-header.php(19): require_once('C:\\laragon\\www\\...')
#15 C:\laragon\www\ecom\index.php(17): require('C:\\laragon\\www\\...')
#16 {main}
  thrown in C:\laragon\www\ecom\wp-content\themes\techmarket\inc\woocommerce\techmarket-woocommerce-template-functions.php on line 783

2022-11-13T16:43:35+00:00 CRITICAL Uncaught TypeError: Unsupported operand types: string - string in C:\laragon\www\ecom\wp-content\themes\techmarket\inc\woocommerce\techmarket-woocommerce-template-functions.php:783
Stack trace:
#0 C:\laragon\www\ecom\wp-content\themes\techmarket\inc\woocommerce\techmarket-woocommerce-functions.php(33): techmarket_get_savings_on_sale(Object(WC_Product_Grouped))
#1 C:\laragon\www\ecom\wp-includes\class-wp-hook.php(308): techmarket_get_sale_flash('<span class="on...', Object(WP_Post), Object(WC_Product_Grouped))
#2 C:\laragon\www\ecom\wp-includes\plugin.php(205): WP_Hook->apply_filters('<span class="on...', Array)
#3 C:\laragon\www\ecom\wp-content\plugins\woocommerce\templates\loop\sale-flash.php(27): apply_filters('woocommerce_sal...', '<span class="on...', Object(WP_Post), Object(WC_Product_Grouped))
#4 C:\laragon\www\ecom\wp-content\plugins\woocommerce\includes\wc-core-functions.php(345): include('C:\\laragon\\www\\...')
#5 C:\laragon\www\ecom\wp-content\plugins\woocommerce\includes\wc-template-functions.php(1407): wc_get_template('loop/sale-flash...')
#6 C:\laragon\www\ecom\wp-includes\class-wp-hook.php(308): woocommerce_show_product_loop_sale_flash('')
#7 C:\laragon\www\ecom\wp-includes\class-wp-hook.php(332): WP_Hook->apply_filters('', Array)
#8 C:\laragon\www\ecom\wp-includes\plugin.php(517): WP_Hook->do_action(Array)
#9 C:\laragon\www\ecom\wp-content\themes\techmarket\templates\contents\content-product.php(42): do_action('woocommerce_bef...')
#10 C:\laragon\www\ecom\wp-content\themes\techmarket\inc\techmarket-functions.php(615): include('C:\\laragon\\www\\...')
#11 C:\laragon\www\ecom\wp-content\themes\techmarket\woocommerce\content-product.php(35): techmarket_get_template('content-product...', Array, 'templates/conte...')
#12 C:\laragon\www\ecom\wp-includes\template.php(785): require('C:\\laragon\\www\\...')
#13 C:\laragon\www\ecom\wp-content\plugins\woocommerce\includes\wc-core-functions.php(284): load_template('C:\\laragon\\www\\...', false)
#14 C:\laragon\www\ecom\wp-content\themes\techmarket\inc\woocommerce\template-tags\shop-loop.php(88): wc_get_template_part('content', 'product')
#15 C:\laragon\www\ecom\wp-includes\class-wp-hook.php(308): techmarket_shop_loop('')
#16 C:\laragon\www\ecom\wp-includes\class-wp-hook.php(332): WP_Hook->apply_filters('', Array)
#17 C:\laragon\www\ecom\wp-includes\plugin.php(517): WP_Hook->do_action(Array)
#18 C:\laragon\www\ecom\wp-content\themes\techmarket\woocommerce\archive-product.php(71): do_action('woocommerce_sho...')
#19 C:\laragon\www\ecom\wp-content\plugins\woocommerce\includes\wc-core-functions.php(345): include('C:\\laragon\\www\\...')
#20 C:\laragon\www\ecom\wp-content\plugins\woocommerce\templates\taxonomy-product-cat.php(22): wc_get_template('archive-product...')
#21 C:\laragon\www\ecom\wp-includes\template-loader.php(106): include('C:\\laragon\\www\\...')
#22 C:\laragon\www\ecom\wp-blog-header.php(19): require_once('C:\\laragon\\www\\...')
#23 C:\laragon\www\ecom\index.php(17): require('C:\\laragon\\www\\...')
#24 {main}
  thrown in C:\laragon\www\ecom\wp-content\themes\techmarket\inc\woocommerce\techmarket-woocommerce-template-functions.php on line 783

2022-11-13T16:43:38+00:00 CRITICAL Uncaught TypeError: Unsupported operand types: string - string in C:\laragon\www\ecom\wp-content\themes\techmarket\inc\woocommerce\techmarket-woocommerce-template-functions.php:783
Stack trace:
#0 C:\laragon\www\ecom\wp-content\themes\techmarket\inc\woocommerce\techmarket-woocommerce-functions.php(33): techmarket_get_savings_on_sale(Object(WC_Product_Grouped))
#1 C:\laragon\www\ecom\wp-includes\class-wp-hook.php(308): techmarket_get_sale_flash('<span class="on...', Object(WP_Post), Object(WC_Product_Grouped))
#2 C:\laragon\www\ecom\wp-includes\plugin.php(205): WP_Hook->apply_filters('<span class="on...', Array)
#3 C:\laragon\www\ecom\wp-content\plugins\woocommerce\templates\loop\sale-flash.php(27): apply_filters('woocommerce_sal...', '<span class="on...', Object(WP_Post), Object(WC_Product_Grouped))
#4 C:\laragon\www\ecom\wp-content\plugins\woocommerce\includes\wc-core-functions.php(345): include('C:\\laragon\\www\\...')
#5 C:\laragon\www\ecom\wp-content\plugins\woocommerce\includes\wc-template-functions.php(1407): wc_get_template('loop/sale-flash...')
#6 C:\laragon\www\ecom\wp-includes\class-wp-hook.php(308): woocommerce_show_product_loop_sale_flash('')
#7 C:\laragon\www\ecom\wp-includes\class-wp-hook.php(332): WP_Hook->apply_filters('', Array)
#8 C:\laragon\www\ecom\wp-includes\plugin.php(517): WP_Hook->do_action(Array)
#9 C:\laragon\www\ecom\wp-content\themes\techmarket\templates\contents\content-product.php(42): do_action('woocommerce_bef...')
#10 C:\laragon\www\ecom\wp-content\themes\techmarket\inc\techmarket-functions.php(615): include('C:\\laragon\\www\\...')
#11 C:\laragon\www\ecom\wp-content\themes\techmarket\woocommerce\content-product.php(35): techmarket_get_template('content-product...', Array, 'templates/conte...')
#12 C:\laragon\www\ecom\wp-includes\template.php(785): require('C:\\laragon\\www\\...')
#13 C:\laragon\www\ecom\wp-content\plugins\woocommerce\includes\wc-core-functions.php(284): load_template('C:\\laragon\\www\\...', false)
#14 C:\laragon\www\ecom\wp-content\themes\techmarket\inc\woocommerce\template-tags\shop-loop.php(88): wc_get_template_part('content', 'product')
#15 C:\laragon\www\ecom\wp-includes\class-wp-hook.php(308): techmarket_shop_loop('')
#16 C:\laragon\www\ecom\wp-includes\class-wp-hook.php(332): WP_Hook->apply_filters('', Array)
#17 C:\laragon\www\ecom\wp-includes\plugin.php(517): WP_Hook->do_action(Array)
#18 C:\laragon\www\ecom\wp-content\themes\techmarket\woocommerce\archive-product.php(71): do_action('woocommerce_sho...')
#19 C:\laragon\www\ecom\wp-content\plugins\woocommerce\includes\wc-core-functions.php(345): include('C:\\laragon\\www\\...')
#20 C:\laragon\www\ecom\wp-content\plugins\woocommerce\templates\taxonomy-product-cat.php(22): wc_get_template('archive-product...')
#21 C:\laragon\www\ecom\wp-includes\template-loader.php(106): include('C:\\laragon\\www\\...')
#22 C:\laragon\www\ecom\wp-blog-header.php(19): require_once('C:\\laragon\\www\\...')
#23 C:\laragon\www\ecom\index.php(17): require('C:\\laragon\\www\\...')
#24 {main}
  thrown in C:\laragon\www\ecom\wp-content\themes\techmarket\inc\woocommerce\techmarket-woocommerce-template-functions.php on line 783

2022-11-13T16:43:47+00:00 CRITICAL Uncaught TypeError: Unsupported operand types: string - string in C:\laragon\www\ecom\wp-content\themes\techmarket\inc\woocommerce\techmarket-woocommerce-template-functions.php:783
Stack trace:
#0 C:\laragon\www\ecom\wp-content\themes\techmarket\inc\woocommerce\techmarket-woocommerce-functions.php(33): techmarket_get_savings_on_sale(Object(WC_Product_Grouped))
#1 C:\laragon\www\ecom\wp-includes\class-wp-hook.php(308): techmarket_get_sale_flash('<span class="on...', Object(WP_Post), Object(WC_Product_Grouped))
#2 C:\laragon\www\ecom\wp-includes\plugin.php(205): WP_Hook->apply_filters('<span class="on...', Array)
#3 C:\laragon\www\ecom\wp-content\plugins\woocommerce\templates\loop\sale-flash.php(27): apply_filters('woocommerce_sal...', '<span class="on...', Object(WP_Post), Object(WC_Product_Grouped))
#4 C:\laragon\www\ecom\wp-content\plugins\woocommerce\includes\wc-core-functions.php(345): include('C:\\laragon\\www\\...')
#5 C:\laragon\www\ecom\wp-content\plugins\woocommerce\includes\wc-template-functions.php(1407): wc_get_template('loop/sale-flash...')
#6 C:\laragon\www\ecom\wp-includes\class-wp-hook.php(308): woocommerce_show_product_loop_sale_flash('')
#7 C:\laragon\www\ecom\wp-includes\class-wp-hook.php(332): WP_Hook->apply_filters('', Array)
#8 C:\laragon\www\ecom\wp-includes\plugin.php(517): WP_Hook->do_action(Array)
#9 C:\laragon\www\ecom\wp-content\themes\techmarket\templates\contents\content-product.php(42): do_action('woocommerce_bef...')
#10 C:\laragon\www\ecom\wp-content\themes\techmarket\inc\techmarket-functions.php(615): include('C:\\laragon\\www\\...')
#11 C:\laragon\www\ecom\wp-content\themes\techmarket\woocommerce\content-product.php(35): techmarket_get_template('content-product...', Array, 'templates/conte...')
#12 C:\laragon\www\ecom\wp-includes\template.php(785): require('C:\\laragon\\www\\...')
#13 C:\laragon\www\ecom\wp-content\plugins\woocommerce\includes\wc-core-functions.php(284): load_template('C:\\laragon\\www\\...', false)
#14 C:\laragon\www\ecom\wp-content\themes\techmarket\inc\woocommerce\template-tags\shop-loop.php(88): wc_get_template_part('content', 'product')
#15 C:\laragon\www\ecom\wp-includes\class-wp-hook.php(308): techmarket_shop_loop('')
#16 C:\laragon\www\ecom\wp-includes\class-wp-hook.php(332): WP_Hook->apply_filters('', Array)
#17 C:\laragon\www\ecom\wp-includes\plugin.php(517): WP_Hook->do_action(Array)
#18 C:\laragon\www\ecom\wp-content\themes\techmarket\woocommerce\archive-product.php(71): do_action('woocommerce_sho...')
#19 C:\laragon\www\ecom\wp-content\plugins\woocommerce\includes\wc-core-functions.php(345): include('C:\\laragon\\www\\...')
#20 C:\laragon\www\ecom\wp-content\plugins\woocommerce\templates\taxonomy-product-cat.php(22): wc_get_template('archive-product...')
#21 C:\laragon\www\ecom\wp-includes\template-loader.php(106): include('C:\\laragon\\www\\...')
#22 C:\laragon\www\ecom\wp-blog-header.php(19): require_once('C:\\laragon\\www\\...')
#23 C:\laragon\www\ecom\index.php(17): require('C:\\laragon\\www\\...')
#24 {main}
  thrown in C:\laragon\www\ecom\wp-content\themes\techmarket\inc\woocommerce\techmarket-woocommerce-template-functions.php on line 783

2022-11-13T16:43:53+00:00 CRITICAL Uncaught TypeError: Unsupported operand types: string - string in C:\laragon\www\ecom\wp-content\themes\techmarket\inc\woocommerce\techmarket-woocommerce-template-functions.php:783
Stack trace:
#0 C:\laragon\www\ecom\wp-content\themes\techmarket\inc\woocommerce\techmarket-woocommerce-functions.php(33): techmarket_get_savings_on_sale(Object(WC_Product_Grouped))
#1 C:\laragon\www\ecom\wp-includes\class-wp-hook.php(308): techmarket_get_sale_flash('<span class="on...', Object(WP_Post), Object(WC_Product_Grouped))
#2 C:\laragon\www\ecom\wp-includes\plugin.php(205): WP_Hook->apply_filters('<span class="on...', Array)
#3 C:\laragon\www\ecom\wp-content\plugins\woocommerce\templates\loop\sale-flash.php(27): apply_filters('woocommerce_sal...', '<span class="on...', Object(WP_Post), Object(WC_Product_Grouped))
#4 C:\laragon\www\ecom\wp-content\plugins\woocommerce\includes\wc-core-functions.php(345): include('C:\\laragon\\www\\...')
#5 C:\laragon\www\ecom\wp-content\plugins\woocommerce\includes\wc-template-functions.php(1407): wc_get_template('loop/sale-flash...')
#6 C:\laragon\www\ecom\wp-includes\class-wp-hook.php(308): woocommerce_show_product_loop_sale_flash('')
#7 C:\laragon\www\ecom\wp-includes\class-wp-hook.php(332): WP_Hook->apply_filters('', Array)
#8 C:\laragon\www\ecom\wp-includes\plugin.php(517): WP_Hook->do_action(Array)
#9 C:\laragon\www\ecom\wp-content\themes\techmarket\templates\contents\content-product.php(42): do_action('woocommerce_bef...')
#10 C:\laragon\www\ecom\wp-content\themes\techmarket\inc\techmarket-functions.php(615): include('C:\\laragon\\www\\...')
#11 C:\laragon\www\ecom\wp-content\themes\techmarket\woocommerce\content-product.php(35): techmarket_get_template('content-product...', Array, 'templates/conte...')
#12 C:\laragon\www\ecom\wp-includes\template.php(785): require('C:\\laragon\\www\\...')
#13 C:\laragon\www\ecom\wp-content\plugins\woocommerce\includes\wc-core-functions.php(284): load_template('C:\\laragon\\www\\...', false)
#14 C:\laragon\www\ecom\wp-content\themes\techmarket\inc\woocommerce\template-tags\shop-loop.php(88): wc_get_template_part('content', 'product')
#15 C:\laragon\www\ecom\wp-includes\class-wp-hook.php(308): techmarket_shop_loop('')
#16 C:\laragon\www\ecom\wp-includes\class-wp-hook.php(332): WP_Hook->apply_filters('', Array)
#17 C:\laragon\www\ecom\wp-includes\plugin.php(517): WP_Hook->do_action(Array)
#18 C:\laragon\www\ecom\wp-content\themes\techmarket\woocommerce\archive-product.php(71): do_action('woocommerce_sho...')
#19 C:\laragon\www\ecom\wp-includes\template-loader.php(106): include('C:\\laragon\\www\\...')
#20 C:\laragon\www\ecom\wp-blog-header.php(19): require_once('C:\\laragon\\www\\...')
#21 C:\laragon\www\ecom\index.php(17): require('C:\\laragon\\www\\...')
#22 {main}
  thrown in C:\laragon\www\ecom\wp-content\themes\techmarket\inc\woocommerce\techmarket-woocommerce-template-functions.php on line 783

2022-11-13T16:44:03+00:00 CRITICAL Uncaught TypeError: Unsupported operand types: string - string in C:\laragon\www\ecom\wp-content\themes\techmarket\inc\woocommerce\techmarket-woocommerce-template-functions.php:783
Stack trace:
#0 C:\laragon\www\ecom\wp-content\themes\techmarket\inc\woocommerce\techmarket-woocommerce-functions.php(33): techmarket_get_savings_on_sale(Object(WC_Product_Grouped))
#1 C:\laragon\www\ecom\wp-includes\class-wp-hook.php(308): techmarket_get_sale_flash('<span class="on...', Object(WP_Post), Object(WC_Product_Grouped))
#2 C:\laragon\www\ecom\wp-includes\plugin.php(205): WP_Hook->apply_filters('<span class="on...', Array)
#3 C:\laragon\www\ecom\wp-content\plugins\woocommerce\templates\loop\sale-flash.php(27): apply_filters('woocommerce_sal...', '<span class="on...', Object(WP_Post), Object(WC_Product_Grouped))
#4 C:\laragon\www\ecom\wp-content\plugins\woocommerce\includes\wc-core-functions.php(345): include('C:\\laragon\\www\\...')
#5 C:\laragon\www\ecom\wp-content\plugins\woocommerce\includes\wc-template-functions.php(1407): wc_get_template('loop/sale-flash...')
#6 C:\laragon\www\ecom\wp-includes\class-wp-hook.php(308): woocommerce_show_product_loop_sale_flash('')
#7 C:\laragon\www\ecom\wp-includes\class-wp-hook.php(332): WP_Hook->apply_filters('', Array)
#8 C:\laragon\www\ecom\wp-includes\plugin.php(517): WP_Hook->do_action(Array)
#9 C:\laragon\www\ecom\wp-content\themes\techmarket\templates\contents\content-product.php(42): do_action('woocommerce_bef...')
#10 C:\laragon\www\ecom\wp-content\themes\techmarket\inc\techmarket-functions.php(615): include('C:\\laragon\\www\\...')
#11 C:\laragon\www\ecom\wp-content\themes\techmarket\woocommerce\content-product.php(35): techmarket_get_template('content-product...', Array, 'templates/conte...')
#12 C:\laragon\www\ecom\wp-includes\template.php(785): require('C:\\laragon\\www\\...')
#13 C:\laragon\www\ecom\wp-content\plugins\woocommerce\includes\wc-core-functions.php(284): load_template('C:\\laragon\\www\\...', false)
#14 C:\laragon\www\ecom\wp-content\themes\techmarket\inc\woocommerce\template-tags\shop-loop.php(88): wc_get_template_part('content', 'product')
#15 C:\laragon\www\ecom\wp-includes\class-wp-hook.php(308): techmarket_shop_loop('')
#16 C:\laragon\www\ecom\wp-includes\class-wp-hook.php(332): WP_Hook->apply_filters('', Array)
#17 C:\laragon\www\ecom\wp-includes\plugin.php(517): WP_Hook->do_action(Array)
#18 C:\laragon\www\ecom\wp-content\themes\techmarket\woocommerce\archive-product.php(71): do_action('woocommerce_sho...')
#19 C:\laragon\www\ecom\wp-includes\template-loader.php(106): include('C:\\laragon\\www\\...')
#20 C:\laragon\www\ecom\wp-blog-header.php(19): require_once('C:\\laragon\\www\\...')
#21 C:\laragon\www\ecom\index.php(17): require('C:\\laragon\\www\\...')
#22 {main}
  thrown in C:\laragon\www\ecom\wp-content\themes\techmarket\inc\woocommerce\techmarket-woocommerce-template-functions.php on line 783

2022-11-13T16:44:08+00:00 CRITICAL Uncaught TypeError: Unsupported operand types: string - string in C:\laragon\www\ecom\wp-content\themes\techmarket\inc\woocommerce\techmarket-woocommerce-template-functions.php:783
Stack trace:
#0 C:\laragon\www\ecom\wp-content\themes\techmarket\inc\woocommerce\techmarket-woocommerce-functions.php(33): techmarket_get_savings_on_sale(Object(WC_Product_Grouped))
#1 C:\laragon\www\ecom\wp-includes\class-wp-hook.php(308): techmarket_get_sale_flash('<span class="on...', Object(WP_Post), Object(WC_Product_Grouped))
#2 C:\laragon\www\ecom\wp-includes\plugin.php(205): WP_Hook->apply_filters('<span class="on...', Array)
#3 C:\laragon\www\ecom\wp-content\plugins\woocommerce\templates\loop\sale-flash.php(27): apply_filters('woocommerce_sal...', '<span class="on...', Object(WP_Post), Object(WC_Product_Grouped))
#4 C:\laragon\www\ecom\wp-content\plugins\woocommerce\includes\wc-core-functions.php(345): include('C:\\laragon\\www\\...')
#5 C:\laragon\www\ecom\wp-content\plugins\woocommerce\includes\wc-template-functions.php(1407): wc_get_template('loop/sale-flash...')
#6 C:\laragon\www\ecom\wp-includes\class-wp-hook.php(308): woocommerce_show_product_loop_sale_flash('')
#7 C:\laragon\www\ecom\wp-includes\class-wp-hook.php(332): WP_Hook->apply_filters('', Array)
#8 C:\laragon\www\ecom\wp-includes\plugin.php(517): WP_Hook->do_action(Array)
#9 C:\laragon\www\ecom\wp-content\themes\techmarket\templates\contents\content-product.php(42): do_action('woocommerce_bef...')
#10 C:\laragon\www\ecom\wp-content\themes\techmarket\inc\techmarket-functions.php(615): include('C:\\laragon\\www\\...')
#11 C:\laragon\www\ecom\wp-content\themes\techmarket\woocommerce\content-product.php(35): techmarket_get_template('content-product...', Array, 'templates/conte...')
#12 C:\laragon\www\ecom\wp-includes\template.php(785): require('C:\\laragon\\www\\...')
#13 C:\laragon\www\ecom\wp-content\plugins\woocommerce\includes\wc-core-functions.php(284): load_template('C:\\laragon\\www\\...', false)
#14 C:\laragon\www\ecom\wp-content\plugins\woocommerce\includes\shortcodes\class-wc-shortcode-products.php(660): wc_get_template_part('content', 'product')
#15 C:\laragon\www\ecom\wp-content\plugins\woocommerce\includes\shortcodes\class-wc-shortcode-products.php(100): WC_Shortcode_Products->product_loop()
#16 C:\laragon\www\ecom\wp-content\plugins\woocommerce\includes\class-wc-shortcodes.php(283): WC_Shortcode_Products->get_content()
#17 C:\laragon\www\ecom\wp-content\themes\techmarket\inc\techmarket-functions.php(240): WC_Shortcodes::products(Array, NULL, 'products')
#18 C:\laragon\www\ecom\wp-content\themes\techmarket\inc\template-tags\homepage.php(137): techmarket_do_shortcode('products', Array)
#19 C:\laragon\www\ecom\wp-content\themes\techmarket\templates\shop\single-product\related.php(18): techmarket_get_products_carousel('products', Array, Array)
#20 C:\laragon\www\ecom\wp-content\themes\techmarket\inc\techmarket-functions.php(615): include('C:\\laragon\\www\\...')
#21 C:\laragon\www\ecom\wp-content\themes\techmarket\inc\woocommerce\techmarket-woocommerce-template-functions.php(398): techmarket_get_template('/templates/shop...', Array)
#22 C:\laragon\www\ecom\wp-includes\class-wp-hook.php(308): techmarket_related_display('')
#23 C:\laragon\www\ecom\wp-includes\class-wp-hook.php(332): WP_Hook->apply_filters(NULL, Array)
#24 C:\laragon\www\ecom\wp-includes\plugin.php(517): WP_Hook->do_action(Array)
#25 C:\laragon\www\ecom\wp-content\plugins\woocommerce\templates\content-single-product.php(72): do_action('woocommerce_aft...')
#26 C:\laragon\www\ecom\wp-includes\template.php(785): require('C:\\laragon\\www\\...')
#27 C:\laragon\www\ecom\wp-content\plugins\woocommerce\includes\wc-core-functions.php(284): load_template('C:\\laragon\\www\\...', false)
#28 C:\laragon\www\ecom\wp-content\plugins\woocommerce\templates\single-product.php(37): wc_get_template_part('content', 'single-product')
#29 C:\laragon\www\ecom\wp-includes\template-loader.php(106): include('C:\\laragon\\www\\...')
#30 C:\laragon\www\ecom\wp-blog-header.php(19): require_once('C:\\laragon\\www\\...')
#31 C:\laragon\www\ecom\index.php(17): require('C:\\laragon\\www\\...')
#32 {main}
  thrown in C:\laragon\www\ecom\wp-content\themes\techmarket\inc\woocommerce\techmarket-woocommerce-template-functions.php on line 783

2022-11-13T16:44:15+00:00 CRITICAL Uncaught TypeError: Unsupported operand types: string - string in C:\laragon\www\ecom\wp-content\themes\techmarket\inc\woocommerce\techmarket-woocommerce-template-functions.php:783
Stack trace:
#0 C:\laragon\www\ecom\wp-content\themes\techmarket\inc\woocommerce\techmarket-woocommerce-functions.php(33): techmarket_get_savings_on_sale(Object(WC_Product_Grouped))
#1 C:\laragon\www\ecom\wp-includes\class-wp-hook.php(308): techmarket_get_sale_flash('<span class="on...', Object(WP_Post), Object(WC_Product_Grouped))
#2 C:\laragon\www\ecom\wp-includes\plugin.php(205): WP_Hook->apply_filters('<span class="on...', Array)
#3 C:\laragon\www\ecom\wp-content\plugins\woocommerce\templates\loop\sale-flash.php(27): apply_filters('woocommerce_sal...', '<span class="on...', Object(WP_Post), Object(WC_Product_Grouped))
#4 C:\laragon\www\ecom\wp-content\plugins\woocommerce\includes\wc-core-functions.php(345): include('C:\\laragon\\www\\...')
#5 C:\laragon\www\ecom\wp-content\plugins\woocommerce\includes\wc-template-functions.php(1407): wc_get_template('loop/sale-flash...')
#6 C:\laragon\www\ecom\wp-includes\class-wp-hook.php(308): woocommerce_show_product_loop_sale_flash('')
#7 C:\laragon\www\ecom\wp-includes\class-wp-hook.php(332): WP_Hook->apply_filters('', Array)
#8 C:\laragon\www\ecom\wp-includes\plugin.php(517): WP_Hook->do_action(Array)
#9 C:\laragon\www\ecom\wp-content\themes\techmarket\templates\contents\content-product.php(42): do_action('woocommerce_bef...')
#10 C:\laragon\www\ecom\wp-content\themes\techmarket\inc\techmarket-functions.php(615): include('C:\\laragon\\www\\...')
#11 C:\laragon\www\ecom\wp-content\themes\techmarket\woocommerce\content-product.php(35): techmarket_get_template('content-product...', Array, 'templates/conte...')
#12 C:\laragon\www\ecom\wp-includes\template.php(785): require('C:\\laragon\\www\\...')
#13 C:\laragon\www\ecom\wp-content\plugins\woocommerce\includes\wc-core-functions.php(284): load_template('C:\\laragon\\www\\...', false)
#14 C:\laragon\www\ecom\wp-content\plugins\woocommerce\includes\shortcodes\class-wc-shortcode-products.php(660): wc_get_template_part('content', 'product')
#15 C:\laragon\www\ecom\wp-content\plugins\woocommerce\includes\shortcodes\class-wc-shortcode-products.php(100): WC_Shortcode_Products->product_loop()
#16 C:\laragon\www\ecom\wp-content\plugins\woocommerce\includes\class-wc-shortcodes.php(283): WC_Shortcode_Products->get_content()
#17 C:\laragon\www\ecom\wp-content\themes\techmarket\inc\techmarket-functions.php(240): WC_Shortcodes::products(Array, NULL, 'products')
#18 C:\laragon\www\ecom\wp-content\themes\techmarket\inc\template-tags\homepage.php(137): techmarket_do_shortcode('products', Array)
#19 C:\laragon\www\ecom\wp-content\themes\techmarket\templates\shop\single-product\related.php(18): techmarket_get_products_carousel('products', Array, Array)
#20 C:\laragon\www\ecom\wp-content\themes\techmarket\inc\techmarket-functions.php(615): include('C:\\laragon\\www\\...')
#21 C:\laragon\www\ecom\wp-content\themes\techmarket\inc\woocommerce\techmarket-woocommerce-template-functions.php(398): techmarket_get_template('/templates/shop...', Array)
#22 C:\laragon\www\ecom\wp-includes\class-wp-hook.php(308): techmarket_related_display('')
#23 C:\laragon\www\ecom\wp-includes\class-wp-hook.php(332): WP_Hook->apply_filters(NULL, Array)
#24 C:\laragon\www\ecom\wp-includes\plugin.php(517): WP_Hook->do_action(Array)
#25 C:\laragon\www\ecom\wp-content\plugins\woocommerce\templates\content-single-product.php(72): do_action('woocommerce_aft...')
#26 C:\laragon\www\ecom\wp-includes\template.php(785): require('C:\\laragon\\www\\...')
#27 C:\laragon\www\ecom\wp-content\plugins\woocommerce\includes\wc-core-functions.php(284): load_template('C:\\laragon\\www\\...', false)
#28 C:\laragon\www\ecom\wp-content\plugins\woocommerce\templates\single-product.php(37): wc_get_template_part('content', 'single-product')
#29 C:\laragon\www\ecom\wp-includes\template-loader.php(106): include('C:\\laragon\\www\\...')
#30 C:\laragon\www\ecom\wp-blog-header.php(19): require_once('C:\\laragon\\www\\...')
#31 C:\laragon\www\ecom\index.php(17): require('C:\\laragon\\www\\...')
#32 {main}
  thrown in C:\laragon\www\ecom\wp-content\themes\techmarket\inc\woocommerce\techmarket-woocommerce-template-functions.php on line 783

2022-11-13T16:45:58+00:00 CRITICAL Uncaught TypeError: Unsupported operand types: string - string in C:\laragon\www\ecom\wp-content\themes\techmarket\inc\woocommerce\techmarket-woocommerce-template-functions.php:783
Stack trace:
#0 C:\laragon\www\ecom\wp-content\themes\techmarket\inc\woocommerce\techmarket-woocommerce-functions.php(33): techmarket_get_savings_on_sale(Object(WC_Product_Grouped))
#1 C:\laragon\www\ecom\wp-includes\class-wp-hook.php(308): techmarket_get_sale_flash('<span class="on...', Object(WP_Post), Object(WC_Product_Grouped))
#2 C:\laragon\www\ecom\wp-includes\plugin.php(205): WP_Hook->apply_filters('<span class="on...', Array)
#3 C:\laragon\www\ecom\wp-content\plugins\woocommerce\templates\loop\sale-flash.php(27): apply_filters('woocommerce_sal...', '<span class="on...', Object(WP_Post), Object(WC_Product_Grouped))
#4 C:\laragon\www\ecom\wp-content\plugins\woocommerce\includes\wc-core-functions.php(345): include('C:\\laragon\\www\\...')
#5 C:\laragon\www\ecom\wp-content\plugins\woocommerce\includes\wc-template-functions.php(1407): wc_get_template('loop/sale-flash...')
#6 C:\laragon\www\ecom\wp-includes\class-wp-hook.php(308): woocommerce_show_product_loop_sale_flash('')
#7 C:\laragon\www\ecom\wp-includes\class-wp-hook.php(332): WP_Hook->apply_filters('', Array)
#8 C:\laragon\www\ecom\wp-includes\plugin.php(517): WP_Hook->do_action(Array)
#9 C:\laragon\www\ecom\wp-content\themes\techmarket\templates\contents\content-product.php(42): do_action('woocommerce_bef...')
#10 C:\laragon\www\ecom\wp-content\themes\techmarket\inc\techmarket-functions.php(615): include('C:\\laragon\\www\\...')
#11 C:\laragon\www\ecom\wp-content\themes\techmarket\woocommerce\content-product.php(35): techmarket_get_template('content-product...', Array, 'templates/conte...')
#12 C:\laragon\www\ecom\wp-includes\template.php(785): require('C:\\laragon\\www\\...')
#13 C:\laragon\www\ecom\wp-content\plugins\woocommerce\includes\wc-core-functions.php(284): load_template('C:\\laragon\\www\\...', false)
#14 C:\laragon\www\ecom\wp-content\plugins\woocommerce\includes\shortcodes\class-wc-shortcode-products.php(660): wc_get_template_part('content', 'product')
#15 C:\laragon\www\ecom\wp-content\plugins\woocommerce\includes\shortcodes\class-wc-shortcode-products.php(100): WC_Shortcode_Products->product_loop()
#16 C:\laragon\www\ecom\wp-content\plugins\woocommerce\includes\class-wc-shortcodes.php(283): WC_Shortcode_Products->get_content()
#17 C:\laragon\www\ecom\wp-content\themes\techmarket\inc\techmarket-functions.php(240): WC_Shortcodes::products(Array, NULL, 'products')
#18 C:\laragon\www\ecom\wp-content\themes\techmarket\inc\template-tags\homepage.php(137): techmarket_do_shortcode('products', Array)
#19 C:\laragon\www\ecom\wp-content\themes\techmarket\templates\shop\single-product\related.php(18): techmarket_get_products_carousel('products', Array, Array)
#20 C:\laragon\www\ecom\wp-content\themes\techmarket\inc\techmarket-functions.php(615): include('C:\\laragon\\www\\...')
#21 C:\laragon\www\ecom\wp-content\themes\techmarket\inc\woocommerce\techmarket-woocommerce-template-functions.php(398): techmarket_get_template('/templates/shop...', Array)
#22 C:\laragon\www\ecom\wp-includes\class-wp-hook.php(308): techmarket_related_display('')
#23 C:\laragon\www\ecom\wp-includes\class-wp-hook.php(332): WP_Hook->apply_filters(NULL, Array)
#24 C:\laragon\www\ecom\wp-includes\plugin.php(517): WP_Hook->do_action(Array)
#25 C:\laragon\www\ecom\wp-content\plugins\woocommerce\templates\content-single-product.php(72): do_action('woocommerce_aft...')
#26 C:\laragon\www\ecom\wp-includes\template.php(785): require('C:\\laragon\\www\\...')
#27 C:\laragon\www\ecom\wp-content\plugins\woocommerce\includes\wc-core-functions.php(284): load_template('C:\\laragon\\www\\...', false)
#28 C:\laragon\www\ecom\wp-content\plugins\woocommerce\templates\single-product.php(37): wc_get_template_part('content', 'single-product')
#29 C:\laragon\www\ecom\wp-includes\template-loader.php(106): include('C:\\laragon\\www\\...')
#30 C:\laragon\www\ecom\wp-blog-header.php(19): require_once('C:\\laragon\\www\\...')
#31 C:\laragon\www\ecom\index.php(17): require('C:\\laragon\\www\\...')
#32 {main}
  thrown in C:\laragon\www\ecom\wp-content\themes\techmarket\inc\woocommerce\techmarket-woocommerce-template-functions.php on line 783

2022-11-13T16:46:03+00:00 CRITICAL Uncaught TypeError: Unsupported operand types: string - string in C:\laragon\www\ecom\wp-content\themes\techmarket\inc\woocommerce\techmarket-woocommerce-template-functions.php:783
Stack trace:
#0 C:\laragon\www\ecom\wp-content\themes\techmarket\inc\woocommerce\techmarket-woocommerce-functions.php(33): techmarket_get_savings_on_sale(Object(WC_Product_Grouped))
#1 C:\laragon\www\ecom\wp-includes\class-wp-hook.php(308): techmarket_get_sale_flash('<span class="on...', Object(WP_Post), Object(WC_Product_Grouped))
#2 C:\laragon\www\ecom\wp-includes\plugin.php(205): WP_Hook->apply_filters('<span class="on...', Array)
#3 C:\laragon\www\ecom\wp-content\plugins\woocommerce\templates\loop\sale-flash.php(27): apply_filters('woocommerce_sal...', '<span class="on...', Object(WP_Post), Object(WC_Product_Grouped))
#4 C:\laragon\www\ecom\wp-content\plugins\woocommerce\includes\wc-core-functions.php(345): include('C:\\laragon\\www\\...')
#5 C:\laragon\www\ecom\wp-content\plugins\woocommerce\includes\wc-template-functions.php(1407): wc_get_template('loop/sale-flash...')
#6 C:\laragon\www\ecom\wp-includes\class-wp-hook.php(308): woocommerce_show_product_loop_sale_flash('')
#7 C:\laragon\www\ecom\wp-includes\class-wp-hook.php(332): WP_Hook->apply_filters('', Array)
#8 C:\laragon\www\ecom\wp-includes\plugin.php(517): WP_Hook->do_action(Array)
#9 C:\laragon\www\ecom\wp-content\themes\techmarket\templates\contents\content-product.php(42): do_action('woocommerce_bef...')
#10 C:\laragon\www\ecom\wp-content\themes\techmarket\inc\techmarket-functions.php(615): include('C:\\laragon\\www\\...')
#11 C:\laragon\www\ecom\wp-content\themes\techmarket\woocommerce\content-product.php(35): techmarket_get_template('content-product...', Array, 'templates/conte...')
#12 C:\laragon\www\ecom\wp-includes\template.php(785): require('C:\\laragon\\www\\...')
#13 C:\laragon\www\ecom\wp-content\plugins\woocommerce\includes\wc-core-functions.php(284): load_template('C:\\laragon\\www\\...', false)
#14 C:\laragon\www\ecom\wp-content\themes\techmarket\inc\woocommerce\template-tags\shop-loop.php(88): wc_get_template_part('content', 'product')
#15 C:\laragon\www\ecom\wp-includes\class-wp-hook.php(308): techmarket_shop_loop('')
#16 C:\laragon\www\ecom\wp-includes\class-wp-hook.php(332): WP_Hook->apply_filters('', Array)
#17 C:\laragon\www\ecom\wp-includes\plugin.php(517): WP_Hook->do_action(Array)
#18 C:\laragon\www\ecom\wp-content\themes\techmarket\woocommerce\archive-product.php(71): do_action('woocommerce_sho...')
#19 C:\laragon\www\ecom\wp-content\plugins\woocommerce\includes\wc-core-functions.php(345): include('C:\\laragon\\www\\...')
#20 C:\laragon\www\ecom\wp-content\plugins\woocommerce\templates\taxonomy-product-cat.php(22): wc_get_template('archive-product...')
#21 C:\laragon\www\ecom\wp-includes\template-loader.php(106): include('C:\\laragon\\www\\...')
#22 C:\laragon\www\ecom\wp-blog-header.php(19): require_once('C:\\laragon\\www\\...')
#23 C:\laragon\www\ecom\index.php(17): require('C:\\laragon\\www\\...')
#24 {main}
  thrown in C:\laragon\www\ecom\wp-content\themes\techmarket\inc\woocommerce\techmarket-woocommerce-template-functions.php on line 783

